Arguments: 
  /Users/hugo/.nvm/versions/node/v8.1.1/bin/node /Users/hugo/.yarn/bin/yarn.js build

PATH: 
  /Users/hugo/.rbenv/shims:/Users/hugo/.yarn/bin:/Users/hugo/.config/yarn/global/node_modules/.bin:/Users/hugo/.nvm/versions/node/v8.1.1/bin:/usr/bin:/bin:/usr/sbin:/sbin:/usr/local/bin:/opt/X11/bin:/usr/local/opt/go/libexec/bin

Yarn version: 
  1.5.1

Node version: 
  8.1.1

Platform: 
  darwin x64

npm manifest: 
  No manifest

yarn manifest: 
  No manifest

Lockfile: 
  No lockfile

Trace: 
  Error: Couldn't find a package.json file in "/Users/hugo/WorkingSpace/hugozap.com"
      at new MessageError (/Users/hugo/.yarn/lib/cli.js:186:110)
      at /Users/hugo/.yarn/lib/cli.js:40048:15
      at Generator.next (<anonymous>)
      at step (/Users/hugo/.yarn/lib/cli.js:98:30)
      at /Users/hugo/.yarn/lib/cli.js:109:13
      at <anonymous>
